Determining if files usbhid.h exist failed with the following output:
Change Dir: /home/maria/training/glui/bii/build/CMakeFiles/CMakeTmp

Run Build Command:"/usr/bin/make" "cmTryCompileExec2071601113/fast"
/usr/bin/make -f CMakeFiles/cmTryCompileExec2071601113.dir/build.make CMakeFiles/cmTryCompileExec2071601113.dir/build
make[1]: se ingresa al directorio «/home/maria/training/glui/bii/build/CMakeFiles/CMakeTmp»
/home/maria/.biicode_env/cmake-3.0.2-Linux-64/bin/cmake -E cmake_progress_report /home/maria/training/glui/bii/build/CMakeFiles/CMakeTmp/CMakeFiles 1
Building C object CMakeFiles/cmTryCompileExec2071601113.dir/CheckIncludeFiles.c.o
/usr/bin/cc   -Wall -pedantic    -o CMakeFiles/cmTryCompileExec2071601113.dir/CheckIncludeFiles.c.o   -c /home/maria/training/glui/bii/build/CMakeFiles/CMakeTmp/CheckIncludeFiles.c
/home/maria/training/glui/bii/build/CMakeFiles/CMakeTmp/CheckIncludeFiles.c:2:20: fatal error: usbhid.h: No existe el archivo o el directorio
 #include <usbhid.h>
                    ^
compilation terminated.
make[1]: *** [CMakeFiles/cmTryCompileExec2071601113.dir/CheckIncludeFiles.c.o] Error 1
make[1]: se sale del directorio «/home/maria/training/glui/bii/build/CMakeFiles/CMakeTmp»
make: *** [cmTryCompileExec2071601113/fast] Error 2

Source:
/* */
#include <usbhid.h>


int main(){return 0;}

Determining if the function _doprnt exists failed with the following output:
Change Dir: /home/maria/training/glui/bii/build/CMakeFiles/CMakeTmp

Run Build Command:"/usr/bin/make" "cmTryCompileExec118781661/fast"
/usr/bin/make -f CMakeFiles/cmTryCompileExec118781661.dir/build.make CMakeFiles/cmTryCompileExec118781661.dir/build
make[1]: se ingresa al directorio «/home/maria/training/glui/bii/build/CMakeFiles/CMakeTmp»
/home/maria/.biicode_env/cmake-3.0.2-Linux-64/bin/cmake -E cmake_progress_report /home/maria/training/glui/bii/build/CMakeFiles/CMakeTmp/CMakeFiles 1
Building C object CMakeFiles/cmTryCompileExec118781661.dir/CheckFunctionExists.c.o
/usr/bin/cc   -Wall -pedantic -DCHECK_FUNCTION_EXISTS=_doprnt   -o CMakeFiles/cmTryCompileExec118781661.dir/CheckFunctionExists.c.o   -c /home/maria/.biicode_env/cmake-3.0.2-Linux-64/share/cmake-3.0/Modules/CheckFunctionExists.c
Linking C executable cmTryCompileExec118781661
/home/maria/.biicode_env/cmake-3.0.2-Linux-64/bin/cmake -E cmake_link_script CMakeFiles/cmTryCompileExec118781661.dir/link.txt --verbose=1
/usr/bin/cc   -Wall -pedantic -DCHECK_FUNCTION_EXISTS=_doprnt    CMakeFiles/cmTryCompileExec118781661.dir/CheckFunctionExists.c.o  -o cmTryCompileExec118781661 -rdynamic -lm 
CMakeFiles/cmTryCompileExec118781661.dir/CheckFunctionExists.c.o: En la función `main':
CheckFunctionExists.c:(.text+0x15): referencia a `_doprnt' sin definir
collect2: error: ld returned 1 exit status
make[1]: *** [cmTryCompileExec118781661] Error 1
make[1]: se sale del directorio «/home/maria/training/glui/bii/build/CMakeFiles/CMakeTmp»
make: *** [cmTryCompileExec118781661/fast] Error 2


Determining if the function XParseGeometry exists failed with the following output:
Change Dir: /home/maria/training/glui/bii/build/CMakeFiles/CMakeTmp

Run Build Command:"/usr/bin/make" "cmTryCompileExec1438862104/fast"
/usr/bin/make -f CMakeFiles/cmTryCompileExec1438862104.dir/build.make CMakeFiles/cmTryCompileExec1438862104.dir/build
make[1]: se ingresa al directorio «/home/maria/training/glui/bii/build/CMakeFiles/CMakeTmp»
/home/maria/.biicode_env/cmake-3.0.2-Linux-64/bin/cmake -E cmake_progress_report /home/maria/training/glui/bii/build/CMakeFiles/CMakeTmp/CMakeFiles 1
Building C object CMakeFiles/cmTryCompileExec1438862104.dir/CheckFunctionExists.c.o
/usr/bin/cc   -Wall -pedantic -DCHECK_FUNCTION_EXISTS=XParseGeometry   -o CMakeFiles/cmTryCompileExec1438862104.dir/CheckFunctionExists.c.o   -c /home/maria/.biicode_env/cmake-3.0.2-Linux-64/share/cmake-3.0/Modules/CheckFunctionExists.c
Linking C executable cmTryCompileExec1438862104
/home/maria/.biicode_env/cmake-3.0.2-Linux-64/bin/cmake -E cmake_link_script CMakeFiles/cmTryCompileExec1438862104.dir/link.txt --verbose=1
/usr/bin/cc   -Wall -pedantic -DCHECK_FUNCTION_EXISTS=XParseGeometry    CMakeFiles/cmTryCompileExec1438862104.dir/CheckFunctionExists.c.o  -o cmTryCompileExec1438862104 -rdynamic -lm 
CMakeFiles/cmTryCompileExec1438862104.dir/CheckFunctionExists.c.o: En la función `main':
CheckFunctionExists.c:(.text+0x15): referencia a `XParseGeometry' sin definir
collect2: error: ld returned 1 exit status
make[1]: *** [cmTryCompileExec1438862104] Error 1
make[1]: se sale del directorio «/home/maria/training/glui/bii/build/CMakeFiles/CMakeTmp»
make: *** [cmTryCompileExec1438862104/fast] Error 2


